The system is: Linux - 5.11.8-xanmod1-x86_64 - x86_64
Compiling the C compiler identification source file "CMakeCCompilerId.c" succeeded.
Compiler: /usr/bin/cc 
Build flags: 
Id flags:  

The output was:
0


Compilation of the C compiler identification source "CMakeCCompilerId.c" produced "a.out"

The C compiler identification is GNU, found in "/home/niuiic/Documents/Project/Cpp/face_recognition/build/intermediates/host/CMakeFiles/3.18.5/CompilerIdC/a.out"

Compiling the CXX compiler identification source file "CMakeCXXCompilerId.cpp" succeeded.
Compiler: /usr/bin/aarch64-unknown-linux-gnu-g++ 
Build flags: 
Id flags:  

The output was:
0


Compilation of the CXX compiler identification source "CMakeCXXCompilerId.cpp" produced "a.out"

The CXX compiler identification is GNU, found in "/home/niuiic/Documents/Project/Cpp/face_recognition/build/intermediates/host/CMakeFiles/3.18.5/CompilerIdCXX/a.out"

Detecting C compiler ABI info compiled with the following output:
Change Dir: /home/niuiic/Documents/Project/Cpp/face_recognition/build/intermediates/host/CMakeFiles/CMakeTmp

Run Build Command(s):/usr/bin/gmake cmTC_136f1/fast && /usr/bin/gmake  -f CMakeFiles/cmTC_136f1.dir/build.make CMakeFiles/cmTC_136f1.dir/build
gmake[1]: Entering directory '/home/niuiic/Documents/Project/Cpp/face_recognition/build/intermediates/host/CMakeFiles/CMakeTmp'
Building C object CMakeFiles/cmTC_136f1.dir/CMakeCCompilerABI.c.o
/usr/bin/cc   -v -o CMakeFiles/cmTC_136f1.dir/CMakeCCompilerABI.c.o -c /usr/share/cmake/Modules/CMakeCCompilerABI.c
Using built-in specs.
COLLECT_GCC=/usr/bin/cc
Target: x86_64-pc-linux-gnu
Configured with: /var/tmp/portage/sys-devel/gcc-10.2.0-r5/work/gcc-10.2.0/configure --host=x86_64-pc-linux-gnu --build=x86_64-pc-linux-gnu --prefix=/usr --bindir=/usr/x86_64-pc-linux-gnu/gcc-bin/10.2.0 --includedir=/usr/lib/gcc/x86_64-pc-linux-gnu/10.2.0/include --datadir=/usr/share/gcc-data/x86_64-pc-linux-gnu/10.2.0 --mandir=/usr/share/gcc-data/x86_64-pc-linux-gnu/10.2.0/man --infodir=/usr/share/gcc-data/x86_64-pc-linux-gnu/10.2.0/info --with-gxx-include-dir=/usr/lib/gcc/x86_64-pc-linux-gnu/10.2.0/include/g++-v10 --with-python-dir=/share/gcc-data/x86_64-pc-linux-gnu/10.2.0/python --enable-languages=c,c++,fortran --enable-obsolete --enable-secureplt --disable-werror --with-system-zlib --enable-nls --without-included-gettext --enable-checking=release --with-bugurl=https://bugs.gentoo.org/ --with-pkgversion='Gentoo 10.2.0-r5 p6' --disable-esp --enable-libstdcxx-time --with-build-config=bootstrap-lto --enable-shared --enable-threads=posix --enable-__cxa_atexit --enable-clocale=gnu --enable-multilib --with-multilib-list=m32,m64 --disable-fixed-point --enable-targets=all --enable-libgomp --disable-libssp --disable-libada --disable-systemtap --disable-vtable-verify --disable-libvtv --without-zstd --enable-lto --without-isl --enable-default-pie --enable-default-ssp
Thread model: posix
Supported LTO compression algorithms: zlib
gcc version 10.2.0 (Gentoo 10.2.0-r5 p6) 
COLLECT_GCC_OPTIONS='-v' '-o' 'CMakeFiles/cmTC_136f1.dir/CMakeCCompilerABI.c.o' '-c' '-mtune=generic' '-march=x86-64'
 /usr/libexec/gcc/x86_64-pc-linux-gnu/10.2.0/cc1 -quiet -v /usr/share/cmake/Modules/CMakeCCompilerABI.c -quiet -dumpbase CMakeCCompilerABI.c -mtune=generic -march=x86-64 -auxbase-strip CMakeFiles/cmTC_136f1.dir/CMakeCCompilerABI.c.o -version -o /tmp/ccYJhcTc.s
GNU C17 (Gentoo 10.2.0-r5 p6) version 10.2.0 (x86_64-pc-linux-gnu)
	compiled by GNU C version 10.2.0, GMP version 6.2.1, MPFR version 4.1.0, MPC version 1.2.1, isl version none
GGC heuristics: --param ggc-min-expand=100 --param ggc-min-heapsize=131072
ignoring nonexistent directory "/usr/local/include"
ignoring nonexistent directory "/usr/lib/gcc/x86_64-pc-linux-gnu/10.2.0/../../../../x86_64-pc-linux-gnu/include"
#include "..." search starts here:
#include <...> search starts here:
 /usr/lib/gcc/x86_64-pc-linux-gnu/10.2.0/include
 /usr/lib/gcc/x86_64-pc-linux-gnu/10.2.0/include-fixed
 /usr/include
End of search list.
GNU C17 (Gentoo 10.2.0-r5 p6) version 10.2.0 (x86_64-pc-linux-gnu)
	compiled by GNU C version 10.2.0, GMP version 6.2.1, MPFR version 4.1.0, MPC version 1.2.1, isl version none
GGC heuristics: --param ggc-min-expand=100 --param ggc-min-heapsize=131072
Compiler executable checksum: 0b7cd448765df33130c0dbe60ded8ef3
COLLECT_GCC_OPTIONS='-v' '-o' 'CMakeFiles/cmTC_136f1.dir/CMakeCCompilerABI.c.o' '-c' '-mtune=generic' '-march=x86-64'
 /usr/lib/gcc/x86_64-pc-linux-gnu/10.2.0/../../../../x86_64-pc-linux-gnu/bin/as -v --64 -o CMakeFiles/cmTC_136f1.dir/CMakeCCompilerABI.c.o /tmp/ccYJhcTc.s
GNU assembler version 2.35.1 (x86_64-pc-linux-gnu) using BFD version (Gentoo 2.35.1 p2) 2.35.1
COMPILER_PATH=/usr/libexec/gcc/x86_64-pc-linux-gnu/10.2.0/:/usr/libexec/gcc/x86_64-pc-linux-gnu/10.2.0/:/usr/libexec/gcc/x86_64-pc-linux-gnu/:/usr/lib/gcc/x86_64-pc-linux-gnu/10.2.0/:/usr/lib/gcc/x86_64-pc-linux-gnu/:/usr/lib/gcc/x86_64-pc-linux-gnu/10.2.0/../../../../x86_64-pc-linux-gnu/bin/
LIBRARY_PATH=/usr/lib/gcc/x86_64-pc-linux-gnu/10.2.0/:/usr/lib/gcc/x86_64-pc-linux-gnu/10.2.0/../../../../lib64/:/lib/../lib64/:/usr/lib/../lib64/:/usr/lib/gcc/x86_64-pc-linux-gnu/10.2.0/../../../../x86_64-pc-linux-gnu/lib/:/usr/lib/gcc/x86_64-pc-linux-gnu/10.2.0/../../../:/lib/:/usr/lib/
COLLECT_GCC_OPTIONS='-v' '-o' 'CMakeFiles/cmTC_136f1.dir/CMakeCCompilerABI.c.o' '-c' '-mtune=generic' '-march=x86-64'
Linking C executable cmTC_136f1
/usr/bin/cmake -E cmake_link_script CMakeFiles/cmTC_136f1.dir/link.txt --verbose=1
/usr/bin/cc  -v CMakeFiles/cmTC_136f1.dir/CMakeCCompilerABI.c.o -o cmTC_136f1 
Using built-in specs.
COLLECT_GCC=/usr/bin/cc
COLLECT_LTO_WRAPPER=/usr/libexec/gcc/x86_64-pc-linux-gnu/10.2.0/lto-wrapper
Target: x86_64-pc-linux-gnu
Configured with: /var/tmp/portage/sys-devel/gcc-10.2.0-r5/work/gcc-10.2.0/configure --host=x86_64-pc-linux-gnu --build=x86_64-pc-linux-gnu --prefix=/usr --bindir=/usr/x86_64-pc-linux-gnu/gcc-bin/10.2.0 --includedir=/usr/lib/gcc/x86_64-pc-linux-gnu/10.2.0/include --datadir=/usr/share/gcc-data/x86_64-pc-linux-gnu/10.2.0 --mandir=/usr/share/gcc-data/x86_64-pc-linux-gnu/10.2.0/man --infodir=/usr/share/gcc-data/x86_64-pc-linux-gnu/10.2.0/info --with-gxx-include-dir=/usr/lib/gcc/x86_64-pc-linux-gnu/10.2.0/include/g++-v10 --with-python-dir=/share/gcc-data/x86_64-pc-linux-gnu/10.2.0/python --enable-languages=c,c++,fortran --enable-obsolete --enable-secureplt --disable-werror --with-system-zlib --enable-nls --without-included-gettext --enable-checking=release --with-bugurl=https://bugs.gentoo.org/ --with-pkgversion='Gentoo 10.2.0-r5 p6' --disable-esp --enable-libstdcxx-time --with-build-config=bootstrap-lto --enable-shared --enable-threads=posix --enable-__cxa_atexit --enable-clocale=gnu --enable-multilib --with-multilib-list=m32,m64 --disable-fixed-point --enable-targets=all --enable-libgomp --disable-libssp --disable-libada --disable-systemtap --disable-vtable-verify --disable-libvtv --without-zstd --enable-lto --without-isl --enable-default-pie --enable-default-ssp
Thread model: posix
Supported LTO compression algorithms: zlib
gcc version 10.2.0 (Gentoo 10.2.0-r5 p6) 
COMPILER_PATH=/usr/libexec/gcc/x86_64-pc-linux-gnu/10.2.0/:/usr/libexec/gcc/x86_64-pc-linux-gnu/10.2.0/:/usr/libexec/gcc/x86_64-pc-linux-gnu/:/usr/lib/gcc/x86_64-pc-linux-gnu/10.2.0/:/usr/lib/gcc/x86_64-pc-linux-gnu/:/usr/lib/gcc/x86_64-pc-linux-gnu/10.2.0/../../../../x86_64-pc-linux-gnu/bin/
LIBRARY_PATH=/usr/lib/gcc/x86_64-pc-linux-gnu/10.2.0/:/usr/lib/gcc/x86_64-pc-linux-gnu/10.2.0/../../../../lib64/:/lib/../lib64/:/usr/lib/../lib64/:/usr/lib/gcc/x86_64-pc-linux-gnu/10.2.0/../../../../x86_64-pc-linux-gnu/lib/:/usr/lib/gcc/x86_64-pc-linux-gnu/10.2.0/../../../:/lib/:/usr/lib/
COLLECT_GCC_OPTIONS='-v' '-o' 'cmTC_136f1' '-mtune=generic' '-march=x86-64'
 /usr/libexec/gcc/x86_64-pc-linux-gnu/10.2.0/collect2 -plugin /usr/libexec/gcc/x86_64-pc-linux-gnu/10.2.0/liblto_plugin.so -plugin-opt=/usr/libexec/gcc/x86_64-pc-linux-gnu/10.2.0/lto-wrapper -plugin-opt=-fresolution=/tmp/ccmqLtiB.res -plugin-opt=-pass-through=-lgcc -plugin-opt=-pass-through=-lgcc_s -plugin-opt=-pass-through=-lc -plugin-opt=-pass-through=-lgcc -plugin-opt=-pass-through=-lgcc_s --eh-frame-hdr -m elf_x86_64 -dynamic-linker /lib64/ld-linux-x86-64.so.2 -pie -o cmTC_136f1 /usr/lib/gcc/x86_64-pc-linux-gnu/10.2.0/../../../../lib64/Scrt1.o /usr/lib/gcc/x86_64-pc-linux-gnu/10.2.0/../../../../lib64/crti.o /usr/lib/gcc/x86_64-pc-linux-gnu/10.2.0/crtbeginS.o -L/usr/lib/gcc/x86_64-pc-linux-gnu/10.2.0 -L/usr/lib/gcc/x86_64-pc-linux-gnu/10.2.0/../../../../lib64 -L/lib/../lib64 -L/usr/lib/../lib64 -L/usr/lib/gcc/x86_64-pc-linux-gnu/10.2.0/../../../../x86_64-pc-linux-gnu/lib -L/usr/lib/gcc/x86_64-pc-linux-gnu/10.2.0/../../.. CMakeFiles/cmTC_136f1.dir/CMakeCCompilerABI.c.o -lgcc --push-state --as-needed -lgcc_s --pop-state -lc -lgcc --push-state --as-needed -lgcc_s --pop-state /usr/lib/gcc/x86_64-pc-linux-gnu/10.2.0/crtendS.o /usr/lib/gcc/x86_64-pc-linux-gnu/10.2.0/../../../../lib64/crtn.o
COLLECT_GCC_OPTIONS='-v' '-o' 'cmTC_136f1' '-mtune=generic' '-march=x86-64'
gmake[1]: Leaving directory '/home/niuiic/Documents/Project/Cpp/face_recognition/build/intermediates/host/CMakeFiles/CMakeTmp'



Parsed C implicit include dir info from above output: rv=done
  found start of include info
  found start of implicit include info
    add: [/usr/lib/gcc/x86_64-pc-linux-gnu/10.2.0/include]
    add: [/usr/lib/gcc/x86_64-pc-linux-gnu/10.2.0/include-fixed]
    add: [/usr/include]
  end of search list found
  collapse include dir [/usr/lib/gcc/x86_64-pc-linux-gnu/10.2.0/include] ==> [/usr/lib/gcc/x86_64-pc-linux-gnu/10.2.0/include]
  collapse include dir [/usr/lib/gcc/x86_64-pc-linux-gnu/10.2.0/include-fixed] ==> [/usr/lib/gcc/x86_64-pc-linux-gnu/10.2.0/include-fixed]
  collapse include dir [/usr/include] ==> [/usr/include]
  implicit include dirs: [/usr/lib/gcc/x86_64-pc-linux-gnu/10.2.0/include;/usr/lib/gcc/x86_64-pc-linux-gnu/10.2.0/include-fixed;/usr/include]


Parsed C implicit link information from above output:
  link line regex: [^( *|.*[/\])(ld|CMAKE_LINK_STARTFILE-NOTFOUND|([^/\]+-)?ld|collect2)[^/\]*( |$)]
  ignore line: [Change Dir: /home/niuiic/Documents/Project/Cpp/face_recognition/build/intermediates/host/CMakeFiles/CMakeTmp]
  ignore line: []
  ignore line: [Run Build Command(s):/usr/bin/gmake cmTC_136f1/fast && /usr/bin/gmake  -f CMakeFiles/cmTC_136f1.dir/build.make CMakeFiles/cmTC_136f1.dir/build]
  ignore line: [gmake[1]: Entering directory '/home/niuiic/Documents/Project/Cpp/face_recognition/build/intermediates/host/CMakeFiles/CMakeTmp']
  ignore line: [Building C object CMakeFiles/cmTC_136f1.dir/CMakeCCompilerABI.c.o]
  ignore line: [/usr/bin/cc   -v -o CMakeFiles/cmTC_136f1.dir/CMakeCCompilerABI.c.o -c /usr/share/cmake/Modules/CMakeCCompilerABI.c]
  ignore line: [Using built-in specs.]
  ignore line: [COLLECT_GCC=/usr/bin/cc]
  ignore line: [Target: x86_64-pc-linux-gnu]
  ignore line: [Configured with: /var/tmp/portage/sys-devel/gcc-10.2.0-r5/work/gcc-10.2.0/configure --host=x86_64-pc-linux-gnu --build=x86_64-pc-linux-gnu --prefix=/usr --bindir=/usr/x86_64-pc-linux-gnu/gcc-bin/10.2.0 --includedir=/usr/lib/gcc/x86_64-pc-linux-gnu/10.2.0/include --datadir=/usr/share/gcc-data/x86_64-pc-linux-gnu/10.2.0 --mandir=/usr/share/gcc-data/x86_64-pc-linux-gnu/10.2.0/man --infodir=/usr/share/gcc-data/x86_64-pc-linux-gnu/10.2.0/info --with-gxx-include-dir=/usr/lib/gcc/x86_64-pc-linux-gnu/10.2.0/include/g++-v10 --with-python-dir=/share/gcc-data/x86_64-pc-linux-gnu/10.2.0/python --enable-languages=c c++ fortran --enable-obsolete --enable-secureplt --disable-werror --with-system-zlib --enable-nls --without-included-gettext --enable-checking=release --with-bugurl=https://bugs.gentoo.org/ --with-pkgversion='Gentoo 10.2.0-r5 p6' --disable-esp --enable-libstdcxx-time --with-build-config=bootstrap-lto --enable-shared --enable-threads=posix --enable-__cxa_atexit --enable-clocale=gnu --enable-multilib --with-multilib-list=m32 m64 --disable-fixed-point --enable-targets=all --enable-libgomp --disable-libssp --disable-libada --disable-systemtap --disable-vtable-verify --disable-libvtv --without-zstd --enable-lto --without-isl --enable-default-pie --enable-default-ssp]
  ignore line: [Thread model: posix]
  ignore line: [Supported LTO compression algorithms: zlib]
  ignore line: [gcc version 10.2.0 (Gentoo 10.2.0-r5 p6) ]
  ignore line: [COLLECT_GCC_OPTIONS='-v' '-o' 'CMakeFiles/cmTC_136f1.dir/CMakeCCompilerABI.c.o' '-c' '-mtune=generic' '-march=x86-64']
  ignore line: [ /usr/libexec/gcc/x86_64-pc-linux-gnu/10.2.0/cc1 -quiet -v /usr/share/cmake/Modules/CMakeCCompilerABI.c -quiet -dumpbase CMakeCCompilerABI.c -mtune=generic -march=x86-64 -auxbase-strip CMakeFiles/cmTC_136f1.dir/CMakeCCompilerABI.c.o -version -o /tmp/ccYJhcTc.s]
  ignore line: [GNU C17 (Gentoo 10.2.0-r5 p6) version 10.2.0 (x86_64-pc-linux-gnu)]
  ignore line: [	compiled by GNU C version 10.2.0  GMP version 6.2.1  MPFR version 4.1.0  MPC version 1.2.1  isl version none]
  ignore line: [GGC heuristics: --param ggc-min-expand=100 --param ggc-min-heapsize=131072]
  ignore line: [ignoring nonexistent directory "/usr/local/include"]
  ignore line: [ignoring nonexistent directory "/usr/lib/gcc/x86_64-pc-linux-gnu/10.2.0/../../../../x86_64-pc-linux-gnu/include"]
  ignore line: [#include "..." search starts here:]
  ignore line: [#include <...> search starts here:]
  ignore line: [ /usr/lib/gcc/x86_64-pc-linux-gnu/10.2.0/include]
  ignore line: [ /usr/lib/gcc/x86_64-pc-linux-gnu/10.2.0/include-fixed]
  ignore line: [ /usr/include]
  ignore line: [End of search list.]
  ignore line: [GNU C17 (Gentoo 10.2.0-r5 p6) version 10.2.0 (x86_64-pc-linux-gnu)]
  ignore line: [	compiled by GNU C version 10.2.0  GMP version 6.2.1  MPFR version 4.1.0  MPC version 1.2.1  isl version none]
  ignore line: [GGC heuristics: --param ggc-min-expand=100 --param ggc-min-heapsize=131072]
  ignore line: [Compiler executable checksum: 0b7cd448765df33130c0dbe60ded8ef3]
  ignore line: [COLLECT_GCC_OPTIONS='-v' '-o' 'CMakeFiles/cmTC_136f1.dir/CMakeCCompilerABI.c.o' '-c' '-mtune=generic' '-march=x86-64']
  ignore line: [ /usr/lib/gcc/x86_64-pc-linux-gnu/10.2.0/../../../../x86_64-pc-linux-gnu/bin/as -v --64 -o CMakeFiles/cmTC_136f1.dir/CMakeCCompilerABI.c.o /tmp/ccYJhcTc.s]
  ignore line: [GNU assembler version 2.35.1 (x86_64-pc-linux-gnu) using BFD version (Gentoo 2.35.1 p2) 2.35.1]
  ignore line: [COMPILER_PATH=/usr/libexec/gcc/x86_64-pc-linux-gnu/10.2.0/:/usr/libexec/gcc/x86_64-pc-linux-gnu/10.2.0/:/usr/libexec/gcc/x86_64-pc-linux-gnu/:/usr/lib/gcc/x86_64-pc-linux-gnu/10.2.0/:/usr/lib/gcc/x86_64-pc-linux-gnu/:/usr/lib/gcc/x86_64-pc-linux-gnu/10.2.0/../../../../x86_64-pc-linux-gnu/bin/]
  ignore line: [LIBRARY_PATH=/usr/lib/gcc/x86_64-pc-linux-gnu/10.2.0/:/usr/lib/gcc/x86_64-pc-linux-gnu/10.2.0/../../../../lib64/:/lib/../lib64/:/usr/lib/../lib64/:/usr/lib/gcc/x86_64-pc-linux-gnu/10.2.0/../../../../x86_64-pc-linux-gnu/lib/:/usr/lib/gcc/x86_64-pc-linux-gnu/10.2.0/../../../:/lib/:/usr/lib/]
  ignore line: [COLLECT_GCC_OPTIONS='-v' '-o' 'CMakeFiles/cmTC_136f1.dir/CMakeCCompilerABI.c.o' '-c' '-mtune=generic' '-march=x86-64']
  ignore line: [Linking C executable cmTC_136f1]
  ignore line: [/usr/bin/cmake -E cmake_link_script CMakeFiles/cmTC_136f1.dir/link.txt --verbose=1]
  ignore line: [/usr/bin/cc  -v CMakeFiles/cmTC_136f1.dir/CMakeCCompilerABI.c.o -o cmTC_136f1 ]
  ignore line: [Using built-in specs.]
  ignore line: [COLLECT_GCC=/usr/bin/cc]
  ignore line: [COLLECT_LTO_WRAPPER=/usr/libexec/gcc/x86_64-pc-linux-gnu/10.2.0/lto-wrapper]
  ignore line: [Target: x86_64-pc-linux-gnu]
  ignore line: [Configured with: /var/tmp/portage/sys-devel/gcc-10.2.0-r5/work/gcc-10.2.0/configure --host=x86_64-pc-linux-gnu --build=x86_64-pc-linux-gnu --prefix=/usr --bindir=/usr/x86_64-pc-linux-gnu/gcc-bin/10.2.0 --includedir=/usr/lib/gcc/x86_64-pc-linux-gnu/10.2.0/include --datadir=/usr/share/gcc-data/x86_64-pc-linux-gnu/10.2.0 --mandir=/usr/share/gcc-data/x86_64-pc-linux-gnu/10.2.0/man --infodir=/usr/share/gcc-data/x86_64-pc-linux-gnu/10.2.0/info --with-gxx-include-dir=/usr/lib/gcc/x86_64-pc-linux-gnu/10.2.0/include/g++-v10 --with-python-dir=/share/gcc-data/x86_64-pc-linux-gnu/10.2.0/python --enable-languages=c c++ fortran --enable-obsolete --enable-secureplt --disable-werror --with-system-zlib --enable-nls --without-included-gettext --enable-checking=release --with-bugurl=https://bugs.gentoo.org/ --with-pkgversion='Gentoo 10.2.0-r5 p6' --disable-esp --enable-libstdcxx-time --with-build-config=bootstrap-lto --enable-shared --enable-threads=posix --enable-__cxa_atexit --enable-clocale=gnu --enable-multilib --with-multilib-list=m32 m64 --disable-fixed-point --enable-targets=all --enable-libgomp --disable-libssp --disable-libada --disable-systemtap --disable-vtable-verify --disable-libvtv --without-zstd --enable-lto --without-isl --enable-default-pie --enable-default-ssp]
  ignore line: [Thread model: posix]
  ignore line: [Supported LTO compression algorithms: zlib]
  ignore line: [gcc version 10.2.0 (Gentoo 10.2.0-r5 p6) ]
  ignore line: [COMPILER_PATH=/usr/libexec/gcc/x86_64-pc-linux-gnu/10.2.0/:/usr/libexec/gcc/x86_64-pc-linux-gnu/10.2.0/:/usr/libexec/gcc/x86_64-pc-linux-gnu/:/usr/lib/gcc/x86_64-pc-linux-gnu/10.2.0/:/usr/lib/gcc/x86_64-pc-linux-gnu/:/usr/lib/gcc/x86_64-pc-linux-gnu/10.2.0/../../../../x86_64-pc-linux-gnu/bin/]
  ignore line: [LIBRARY_PATH=/usr/lib/gcc/x86_64-pc-linux-gnu/10.2.0/:/usr/lib/gcc/x86_64-pc-linux-gnu/10.2.0/../../../../lib64/:/lib/../lib64/:/usr/lib/../lib64/:/usr/lib/gcc/x86_64-pc-linux-gnu/10.2.0/../../../../x86_64-pc-linux-gnu/lib/:/usr/lib/gcc/x86_64-pc-linux-gnu/10.2.0/../../../:/lib/:/usr/lib/]
  ignore line: [COLLECT_GCC_OPTIONS='-v' '-o' 'cmTC_136f1' '-mtune=generic' '-march=x86-64']
  link line: [ /usr/libexec/gcc/x86_64-pc-linux-gnu/10.2.0/collect2 -plugin /usr/libexec/gcc/x86_64-pc-linux-gnu/10.2.0/liblto_plugin.so -plugin-opt=/usr/libexec/gcc/x86_64-pc-linux-gnu/10.2.0/lto-wrapper -plugin-opt=-fresolution=/tmp/ccmqLtiB.res -plugin-opt=-pass-through=-lgcc -plugin-opt=-pass-through=-lgcc_s -plugin-opt=-pass-through=-lc -plugin-opt=-pass-through=-lgcc -plugin-opt=-pass-through=-lgcc_s --eh-frame-hdr -m elf_x86_64 -dynamic-linker /lib64/ld-linux-x86-64.so.2 -pie -o cmTC_136f1 /usr/lib/gcc/x86_64-pc-linux-gnu/10.2.0/../../../../lib64/Scrt1.o /usr/lib/gcc/x86_64-pc-linux-gnu/10.2.0/../../../../lib64/crti.o /usr/lib/gcc/x86_64-pc-linux-gnu/10.2.0/crtbeginS.o -L/usr/lib/gcc/x86_64-pc-linux-gnu/10.2.0 -L/usr/lib/gcc/x86_64-pc-linux-gnu/10.2.0/../../../../lib64 -L/lib/../lib64 -L/usr/lib/../lib64 -L/usr/lib/gcc/x86_64-pc-linux-gnu/10.2.0/../../../../x86_64-pc-linux-gnu/lib -L/usr/lib/gcc/x86_64-pc-linux-gnu/10.2.0/../../.. CMakeFiles/cmTC_136f1.dir/CMakeCCompilerABI.c.o -lgcc --push-state --as-needed -lgcc_s --pop-state -lc -lgcc --push-state --as-needed -lgcc_s --pop-state /usr/lib/gcc/x86_64-pc-linux-gnu/10.2.0/crtendS.o /usr/lib/gcc/x86_64-pc-linux-gnu/10.2.0/../../../../lib64/crtn.o]
    arg [/usr/libexec/gcc/x86_64-pc-linux-gnu/10.2.0/collect2] ==> ignore
    arg [-plugin] ==> ignore
    arg [/usr/libexec/gcc/x86_64-pc-linux-gnu/10.2.0/liblto_plugin.so] ==> ignore
    arg [-plugin-opt=/usr/libexec/gcc/x86_64-pc-linux-gnu/10.2.0/lto-wrapper] ==> ignore
    arg [-plugin-opt=-fresolution=/tmp/ccmqLtiB.res] ==> ignore
    arg [-plugin-opt=-pass-through=-lgcc] ==> ignore
    arg [-plugin-opt=-pass-through=-lgcc_s] ==> ignore
    arg [-plugin-opt=-pass-through=-lc] ==> ignore
    arg [-plugin-opt=-pass-through=-lgcc] ==> ignore
    arg [-plugin-opt=-pass-through=-lgcc_s] ==> ignore
    arg [--eh-frame-hdr] ==> ignore
    arg [-m] ==> ignore
    arg [elf_x86_64] ==> ignore
    arg [-dynamic-linker] ==> ignore
    arg [/lib64/ld-linux-x86-64.so.2] ==> ignore
    arg [-pie] ==> ignore
    arg [-o] ==> ignore
    arg [cmTC_136f1] ==> ignore
    arg [/usr/lib/gcc/x86_64-pc-linux-gnu/10.2.0/../../../../lib64/Scrt1.o] ==> ignore
    arg [/usr/lib/gcc/x86_64-pc-linux-gnu/10.2.0/../../../../lib64/crti.o] ==> ignore
    arg [/usr/lib/gcc/x86_64-pc-linux-gnu/10.2.0/crtbeginS.o] ==> ignore
    arg [-L/usr/lib/gcc/x86_64-pc-linux-gnu/10.2.0] ==> dir [/usr/lib/gcc/x86_64-pc-linux-gnu/10.2.0]
    arg [-L/usr/lib/gcc/x86_64-pc-linux-gnu/10.2.0/../../../../lib64] ==> dir [/usr/lib/gcc/x86_64-pc-linux-gnu/10.2.0/../../../../lib64]
    arg [-L/lib/../lib64] ==> dir [/lib/../lib64]
    arg [-L/usr/lib/../lib64] ==> dir [/usr/lib/../lib64]
    arg [-L/usr/lib/gcc/x86_64-pc-linux-gnu/10.2.0/../../../../x86_64-pc-linux-gnu/lib] ==> dir [/usr/lib/gcc/x86_64-pc-linux-gnu/10.2.0/../../../../x86_64-pc-linux-gnu/lib]
    arg [-L/usr/lib/gcc/x86_64-pc-linux-gnu/10.2.0/../../..] ==> dir [/usr/lib/gcc/x86_64-pc-linux-gnu/10.2.0/../../..]
    arg [CMakeFiles/cmTC_136f1.dir/CMakeCCompilerABI.c.o] ==> ignore
    arg [-lgcc] ==> lib [gcc]
    arg [--push-state] ==> ignore
    arg [--as-needed] ==> ignore
    arg [-lgcc_s] ==> lib [gcc_s]
    arg [--pop-state] ==> ignore
    arg [-lc] ==> lib [c]
    arg [-lgcc] ==> lib [gcc]
    arg [--push-state] ==> ignore
    arg [--as-needed] ==> ignore
    arg [-lgcc_s] ==> lib [gcc_s]
    arg [--pop-state] ==> ignore
    arg [/usr/lib/gcc/x86_64-pc-linux-gnu/10.2.0/crtendS.o] ==> ignore
    arg [/usr/lib/gcc/x86_64-pc-linux-gnu/10.2.0/../../../../lib64/crtn.o] ==> ignore
  collapse library dir [/usr/lib/gcc/x86_64-pc-linux-gnu/10.2.0] ==> [/usr/lib/gcc/x86_64-pc-linux-gnu/10.2.0]
  collapse library dir [/usr/lib/gcc/x86_64-pc-linux-gnu/10.2.0/../../../../lib64] ==> [/usr/lib64]
  collapse library dir [/lib/../lib64] ==> [/lib64]
  collapse library dir [/usr/lib/../lib64] ==> [/usr/lib64]
  collapse library dir [/usr/lib/gcc/x86_64-pc-linux-gnu/10.2.0/../../../../x86_64-pc-linux-gnu/lib] ==> [/usr/x86_64-pc-linux-gnu/lib]
  collapse library dir [/usr/lib/gcc/x86_64-pc-linux-gnu/10.2.0/../../..] ==> [/usr/lib]
  implicit libs: [gcc;gcc_s;c;gcc;gcc_s]
  implicit dirs: [/usr/lib/gcc/x86_64-pc-linux-gnu/10.2.0;/usr/lib64;/lib64;/usr/x86_64-pc-linux-gnu/lib;/usr/lib]
  implicit fwks: []


Detecting CXX compiler ABI info compiled with the following output:
Change Dir: /home/niuiic/Documents/Project/Cpp/face_recognition/build/intermediates/host/CMakeFiles/CMakeTmp

Run Build Command(s):/usr/bin/gmake cmTC_1c430/fast && /usr/bin/gmake  -f CMakeFiles/cmTC_1c430.dir/build.make CMakeFiles/cmTC_1c430.dir/build
gmake[1]: Entering directory '/home/niuiic/Documents/Project/Cpp/face_recognition/build/intermediates/host/CMakeFiles/CMakeTmp'
Building CXX object CMakeFiles/cmTC_1c430.dir/CMakeCXXCompilerABI.cpp.o
/usr/bin/aarch64-unknown-linux-gnu-g++   -v -o CMakeFiles/cmTC_1c430.dir/CMakeCXXCompilerABI.cpp.o -c /usr/share/cmake/Modules/CMakeCXXCompilerABI.cpp
Using built-in specs.
COLLECT_GCC=/usr/bin/aarch64-unknown-linux-gnu-g++
Target: aarch64-unknown-linux-gnu
Configured with: /var/tmp/portage/cross-aarch64-unknown-linux-gnu/gcc-10.2.0-r5/work/gcc-10.2.0/configure --host=x86_64-pc-linux-gnu --target=aarch64-unknown-linux-gnu --build=x86_64-pc-linux-gnu --prefix=/usr --bindir=/usr/x86_64-pc-linux-gnu/aarch64-unknown-linux-gnu/gcc-bin/10.2.0 --includedir=/usr/lib/gcc/aarch64-unknown-linux-gnu/10.2.0/include --datadir=/usr/share/gcc-data/aarch64-unknown-linux-gnu/10.2.0 --mandir=/usr/share/gcc-data/aarch64-unknown-linux-gnu/10.2.0/man --infodir=/usr/share/gcc-data/aarch64-unknown-linux-gnu/10.2.0/info --with-gxx-include-dir=/usr/lib/gcc/aarch64-unknown-linux-gnu/10.2.0/include/g++-v10 --with-python-dir=/share/gcc-data/aarch64-unknown-linux-gnu/10.2.0/python --enable-languages=c,c++,fortran --enable-obsolete --enable-secureplt --disable-werror --with-system-zlib --enable-nls --without-included-gettext --enable-checking=release --with-bugurl=https://bugs.gentoo.org/ --with-pkgversion='Gentoo 10.2.0-r5 p6' --disable-esp --enable-libstdcxx-time --enable-poison-system-directories --with-sysroot=/usr/aarch64-unknown-linux-gnu --disable-bootstrap --enable-__cxa_atexit --enable-clocale=gnu --disable-multilib --disable-fixed-point --enable-libgomp --disable-libssp --disable-libada --disable-systemtap --disable-vtable-verify --disable-libvtv --without-zstd --enable-lto --without-isl --enable-default-pie --enable-default-ssp
Thread model: posix
Supported LTO compression algorithms: zlib
gcc version 10.2.0 (Gentoo 10.2.0-r5 p6) 
COLLECT_GCC_OPTIONS='-v' '-o' 'CMakeFiles/cmTC_1c430.dir/CMakeCXXCompilerABI.cpp.o' '-c' '-shared-libgcc' '-mlittle-endian' '-mabi=lp64'
 /usr/libexec/gcc/aarch64-unknown-linux-gnu/10.2.0/cc1plus -quiet -v -D_GNU_SOURCE /usr/share/cmake/Modules/CMakeCXXCompilerABI.cpp -quiet -dumpbase CMakeCXXCompilerABI.cpp -mlittle-endian -mabi=lp64 -auxbase-strip CMakeFiles/cmTC_1c430.dir/CMakeCXXCompilerABI.cpp.o -version -o /tmp/ccSknJO1.s
GNU C++14 (Gentoo 10.2.0-r5 p6) version 10.2.0 (aarch64-unknown-linux-gnu)
	compiled by GNU C version 10.2.0, GMP version 6.2.1, MPFR version 4.1.0, MPC version 1.2.1, isl version none
GGC heuristics: --param ggc-min-expand=100 --param ggc-min-heapsize=131072
ignoring nonexistent directory "/usr/aarch64-unknown-linux-gnu/usr/local/include"
ignoring nonexistent directory "/usr/lib/gcc/aarch64-unknown-linux-gnu/10.2.0/../../../../aarch64-unknown-linux-gnu/include"
#include "..." search starts here:
#include <...> search starts here:
 /usr/lib/gcc/aarch64-unknown-linux-gnu/10.2.0/include/g++-v10
 /usr/lib/gcc/aarch64-unknown-linux-gnu/10.2.0/include/g++-v10/aarch64-unknown-linux-gnu
 /usr/lib/gcc/aarch64-unknown-linux-gnu/10.2.0/include/g++-v10/backward
 /usr/lib/gcc/aarch64-unknown-linux-gnu/10.2.0/include
 /usr/lib/gcc/aarch64-unknown-linux-gnu/10.2.0/include-fixed
 /usr/aarch64-unknown-linux-gnu/usr/include
End of search list.
GNU C++14 (Gentoo 10.2.0-r5 p6) version 10.2.0 (aarch64-unknown-linux-gnu)
	compiled by GNU C version 10.2.0, GMP version 6.2.1, MPFR version 4.1.0, MPC version 1.2.1, isl version none
GGC heuristics: --param ggc-min-expand=100 --param ggc-min-heapsize=131072
Compiler executable checksum: c694cb9757a2df3f426ff5e865f77f90
COLLECT_GCC_OPTIONS='-v' '-o' 'CMakeFiles/cmTC_1c430.dir/CMakeCXXCompilerABI.cpp.o' '-c' '-shared-libgcc' '-mlittle-endian' '-mabi=lp64'
 /usr/libexec/gcc/aarch64-unknown-linux-gnu/as -v -EL -mabi=lp64 -o CMakeFiles/cmTC_1c430.dir/CMakeCXXCompilerABI.cpp.o /tmp/ccSknJO1.s
GNU assembler version 2.35.2 (aarch64-unknown-linux-gnu) using BFD version (Gentoo 2.35.2 p1) 2.35.2
COMPILER_PATH=/usr/libexec/gcc/aarch64-unknown-linux-gnu/10.2.0/:/usr/libexec/gcc/aarch64-unknown-linux-gnu/10.2.0/:/usr/libexec/gcc/aarch64-unknown-linux-gnu/:/usr/lib/gcc/aarch64-unknown-linux-gnu/10.2.0/:/usr/lib/gcc/aarch64-unknown-linux-gnu/
LIBRARY_PATH=/usr/lib/gcc/aarch64-unknown-linux-gnu/10.2.0/:/usr/lib/gcc/aarch64-unknown-linux-gnu/10.2.0/../../../../aarch64-unknown-linux-gnu/lib/../lib64/:/usr/aarch64-unknown-linux-gnu/lib/../lib64/:/usr/aarch64-unknown-linux-gnu/usr/lib/../lib64/:/usr/lib/gcc/aarch64-unknown-linux-gnu/10.2.0/../../../../aarch64-unknown-linux-gnu/lib/:/usr/aarch64-unknown-linux-gnu/lib/:/usr/aarch64-unknown-linux-gnu/usr/lib/
COLLECT_GCC_OPTIONS='-v' '-o' 'CMakeFiles/cmTC_1c430.dir/CMakeCXXCompilerABI.cpp.o' '-c' '-shared-libgcc' '-mlittle-endian' '-mabi=lp64'
Linking CXX executable cmTC_1c430
/usr/bin/cmake -E cmake_link_script CMakeFiles/cmTC_1c430.dir/link.txt --verbose=1
/usr/bin/aarch64-unknown-linux-gnu-g++  -v CMakeFiles/cmTC_1c430.dir/CMakeCXXCompilerABI.cpp.o -o cmTC_1c430 
Using built-in specs.
COLLECT_GCC=/usr/bin/aarch64-unknown-linux-gnu-g++
COLLECT_LTO_WRAPPER=/usr/libexec/gcc/aarch64-unknown-linux-gnu/10.2.0/lto-wrapper
Target: aarch64-unknown-linux-gnu
Configured with: /var/tmp/portage/cross-aarch64-unknown-linux-gnu/gcc-10.2.0-r5/work/gcc-10.2.0/configure --host=x86_64-pc-linux-gnu --target=aarch64-unknown-linux-gnu --build=x86_64-pc-linux-gnu --prefix=/usr --bindir=/usr/x86_64-pc-linux-gnu/aarch64-unknown-linux-gnu/gcc-bin/10.2.0 --includedir=/usr/lib/gcc/aarch64-unknown-linux-gnu/10.2.0/include --datadir=/usr/share/gcc-data/aarch64-unknown-linux-gnu/10.2.0 --mandir=/usr/share/gcc-data/aarch64-unknown-linux-gnu/10.2.0/man --infodir=/usr/share/gcc-data/aarch64-unknown-linux-gnu/10.2.0/info --with-gxx-include-dir=/usr/lib/gcc/aarch64-unknown-linux-gnu/10.2.0/include/g++-v10 --with-python-dir=/share/gcc-data/aarch64-unknown-linux-gnu/10.2.0/python --enable-languages=c,c++,fortran --enable-obsolete --enable-secureplt --disable-werror --with-system-zlib --enable-nls --without-included-gettext --enable-checking=release --with-bugurl=https://bugs.gentoo.org/ --with-pkgversion='Gentoo 10.2.0-r5 p6' --disable-esp --enable-libstdcxx-time --enable-poison-system-directories --with-sysroot=/usr/aarch64-unknown-linux-gnu --disable-bootstrap --enable-__cxa_atexit --enable-clocale=gnu --disable-multilib --disable-fixed-point --enable-libgomp --disable-libssp --disable-libada --disable-systemtap --disable-vtable-verify --disable-libvtv --without-zstd --enable-lto --without-isl --enable-default-pie --enable-default-ssp
Thread model: posix
Supported LTO compression algorithms: zlib
gcc version 10.2.0 (Gentoo 10.2.0-r5 p6) 
COMPILER_PATH=/usr/libexec/gcc/aarch64-unknown-linux-gnu/10.2.0/:/usr/libexec/gcc/aarch64-unknown-linux-gnu/10.2.0/:/usr/libexec/gcc/aarch64-unknown-linux-gnu/:/usr/lib/gcc/aarch64-unknown-linux-gnu/10.2.0/:/usr/lib/gcc/aarch64-unknown-linux-gnu/
LIBRARY_PATH=/usr/lib/gcc/aarch64-unknown-linux-gnu/10.2.0/:/usr/lib/gcc/aarch64-unknown-linux-gnu/10.2.0/../../../../aarch64-unknown-linux-gnu/lib/../lib64/:/usr/aarch64-unknown-linux-gnu/lib/../lib64/:/usr/aarch64-unknown-linux-gnu/usr/lib/../lib64/:/usr/lib/gcc/aarch64-unknown-linux-gnu/10.2.0/../../../../aarch64-unknown-linux-gnu/lib/:/usr/aarch64-unknown-linux-gnu/lib/:/usr/aarch64-unknown-linux-gnu/usr/lib/
COLLECT_GCC_OPTIONS='-v' '-o' 'cmTC_1c430' '-shared-libgcc' '-mlittle-endian' '-mabi=lp64'
 /usr/libexec/gcc/aarch64-unknown-linux-gnu/10.2.0/collect2 -plugin /usr/libexec/gcc/aarch64-unknown-linux-gnu/10.2.0/liblto_plugin.so -plugin-opt=/usr/libexec/gcc/aarch64-unknown-linux-gnu/10.2.0/lto-wrapper -plugin-opt=-fresolution=/tmp/ccoeBP6q.res -plugin-opt=-pass-through=-lgcc_s -plugin-opt=-pass-through=-lgcc -plugin-opt=-pass-through=-lc -plugin-opt=-pass-through=-lgcc_s -plugin-opt=-pass-through=-lgcc --sysroot=/usr/aarch64-unknown-linux-gnu --eh-frame-hdr -dynamic-linker /lib/ld-linux-aarch64.so.1 -X -EL -maarch64linux -pie -o cmTC_1c430 /usr/aarch64-unknown-linux-gnu/usr/lib/../lib64/Scrt1.o /usr/aarch64-unknown-linux-gnu/usr/lib/../lib64/crti.o /usr/lib/gcc/aarch64-unknown-linux-gnu/10.2.0/crtbeginS.o -L/usr/lib/gcc/aarch64-unknown-linux-gnu/10.2.0 -L/usr/lib/gcc/aarch64-unknown-linux-gnu/10.2.0/../../../../aarch64-unknown-linux-gnu/lib/../lib64 -L/usr/aarch64-unknown-linux-gnu/lib/../lib64 -L/usr/aarch64-unknown-linux-gnu/usr/lib/../lib64 -L/usr/lib/gcc/aarch64-unknown-linux-gnu/10.2.0/../../../../aarch64-unknown-linux-gnu/lib -L/usr/aarch64-unknown-linux-gnu/lib -L/usr/aarch64-unknown-linux-gnu/usr/lib CMakeFiles/cmTC_1c430.dir/CMakeCXXCompilerABI.cpp.o -lstdc++ -lm -lgcc_s -lgcc -lc -lgcc_s -lgcc /usr/lib/gcc/aarch64-unknown-linux-gnu/10.2.0/crtendS.o /usr/aarch64-unknown-linux-gnu/usr/lib/../lib64/crtn.o
COLLECT_GCC_OPTIONS='-v' '-o' 'cmTC_1c430' '-shared-libgcc' '-mlittle-endian' '-mabi=lp64'
gmake[1]: Leaving directory '/home/niuiic/Documents/Project/Cpp/face_recognition/build/intermediates/host/CMakeFiles/CMakeTmp'



Parsed CXX implicit include dir info from above output: rv=done
  found start of include info
  found start of implicit include info
    add: [/usr/lib/gcc/aarch64-unknown-linux-gnu/10.2.0/include/g++-v10]
    add: [/usr/lib/gcc/aarch64-unknown-linux-gnu/10.2.0/include/g++-v10/aarch64-unknown-linux-gnu]
    add: [/usr/lib/gcc/aarch64-unknown-linux-gnu/10.2.0/include/g++-v10/backward]
    add: [/usr/lib/gcc/aarch64-unknown-linux-gnu/10.2.0/include]
    add: [/usr/lib/gcc/aarch64-unknown-linux-gnu/10.2.0/include-fixed]
    add: [/usr/aarch64-unknown-linux-gnu/usr/include]
  end of search list found
  collapse include dir [/usr/lib/gcc/aarch64-unknown-linux-gnu/10.2.0/include/g++-v10] ==> [/usr/lib/gcc/aarch64-unknown-linux-gnu/10.2.0/include/g++-v10]
  collapse include dir [/usr/lib/gcc/aarch64-unknown-linux-gnu/10.2.0/include/g++-v10/aarch64-unknown-linux-gnu] ==> [/usr/lib/gcc/aarch64-unknown-linux-gnu/10.2.0/include/g++-v10/aarch64-unknown-linux-gnu]
  collapse include dir [/usr/lib/gcc/aarch64-unknown-linux-gnu/10.2.0/include/g++-v10/backward] ==> [/usr/lib/gcc/aarch64-unknown-linux-gnu/10.2.0/include/g++-v10/backward]
  collapse include dir [/usr/lib/gcc/aarch64-unknown-linux-gnu/10.2.0/include] ==> [/usr/lib/gcc/aarch64-unknown-linux-gnu/10.2.0/include]
  collapse include dir [/usr/lib/gcc/aarch64-unknown-linux-gnu/10.2.0/include-fixed] ==> [/usr/lib/gcc/aarch64-unknown-linux-gnu/10.2.0/include-fixed]
  collapse include dir [/usr/aarch64-unknown-linux-gnu/usr/include] ==> [/usr/aarch64-unknown-linux-gnu/usr/include]
  implicit include dirs: [/usr/lib/gcc/aarch64-unknown-linux-gnu/10.2.0/include/g++-v10;/usr/lib/gcc/aarch64-unknown-linux-gnu/10.2.0/include/g++-v10/aarch64-unknown-linux-gnu;/usr/lib/gcc/aarch64-unknown-linux-gnu/10.2.0/include/g++-v10/backward;/usr/lib/gcc/aarch64-unknown-linux-gnu/10.2.0/include;/usr/lib/gcc/aarch64-unknown-linux-gnu/10.2.0/include-fixed;/usr/aarch64-unknown-linux-gnu/usr/include]


Parsed CXX implicit link information from above output:
  link line regex: [^( *|.*[/\])(ld|CMAKE_LINK_STARTFILE-NOTFOUND|([^/\]+-)?ld|collect2)[^/\]*( |$)]
  ignore line: [Change Dir: /home/niuiic/Documents/Project/Cpp/face_recognition/build/intermediates/host/CMakeFiles/CMakeTmp]
  ignore line: []
  ignore line: [Run Build Command(s):/usr/bin/gmake cmTC_1c430/fast && /usr/bin/gmake  -f CMakeFiles/cmTC_1c430.dir/build.make CMakeFiles/cmTC_1c430.dir/build]
  ignore line: [gmake[1]: Entering directory '/home/niuiic/Documents/Project/Cpp/face_recognition/build/intermediates/host/CMakeFiles/CMakeTmp']
  ignore line: [Building CXX object CMakeFiles/cmTC_1c430.dir/CMakeCXXCompilerABI.cpp.o]
  ignore line: [/usr/bin/aarch64-unknown-linux-gnu-g++   -v -o CMakeFiles/cmTC_1c430.dir/CMakeCXXCompilerABI.cpp.o -c /usr/share/cmake/Modules/CMakeCXXCompilerABI.cpp]
  ignore line: [Using built-in specs.]
  ignore line: [COLLECT_GCC=/usr/bin/aarch64-unknown-linux-gnu-g++]
  ignore line: [Target: aarch64-unknown-linux-gnu]
  ignore line: [Configured with: /var/tmp/portage/cross-aarch64-unknown-linux-gnu/gcc-10.2.0-r5/work/gcc-10.2.0/configure --host=x86_64-pc-linux-gnu --target=aarch64-unknown-linux-gnu --build=x86_64-pc-linux-gnu --prefix=/usr --bindir=/usr/x86_64-pc-linux-gnu/aarch64-unknown-linux-gnu/gcc-bin/10.2.0 --includedir=/usr/lib/gcc/aarch64-unknown-linux-gnu/10.2.0/include --datadir=/usr/share/gcc-data/aarch64-unknown-linux-gnu/10.2.0 --mandir=/usr/share/gcc-data/aarch64-unknown-linux-gnu/10.2.0/man --infodir=/usr/share/gcc-data/aarch64-unknown-linux-gnu/10.2.0/info --with-gxx-include-dir=/usr/lib/gcc/aarch64-unknown-linux-gnu/10.2.0/include/g++-v10 --with-python-dir=/share/gcc-data/aarch64-unknown-linux-gnu/10.2.0/python --enable-languages=c c++ fortran --enable-obsolete --enable-secureplt --disable-werror --with-system-zlib --enable-nls --without-included-gettext --enable-checking=release --with-bugurl=https://bugs.gentoo.org/ --with-pkgversion='Gentoo 10.2.0-r5 p6' --disable-esp --enable-libstdcxx-time --enable-poison-system-directories --with-sysroot=/usr/aarch64-unknown-linux-gnu --disable-bootstrap --enable-__cxa_atexit --enable-clocale=gnu --disable-multilib --disable-fixed-point --enable-libgomp --disable-libssp --disable-libada --disable-systemtap --disable-vtable-verify --disable-libvtv --without-zstd --enable-lto --without-isl --enable-default-pie --enable-default-ssp]
  ignore line: [Thread model: posix]
  ignore line: [Supported LTO compression algorithms: zlib]
  ignore line: [gcc version 10.2.0 (Gentoo 10.2.0-r5 p6) ]
  ignore line: [COLLECT_GCC_OPTIONS='-v' '-o' 'CMakeFiles/cmTC_1c430.dir/CMakeCXXCompilerABI.cpp.o' '-c' '-shared-libgcc' '-mlittle-endian' '-mabi=lp64']
  ignore line: [ /usr/libexec/gcc/aarch64-unknown-linux-gnu/10.2.0/cc1plus -quiet -v -D_GNU_SOURCE /usr/share/cmake/Modules/CMakeCXXCompilerABI.cpp -quiet -dumpbase CMakeCXXCompilerABI.cpp -mlittle-endian -mabi=lp64 -auxbase-strip CMakeFiles/cmTC_1c430.dir/CMakeCXXCompilerABI.cpp.o -version -o /tmp/ccSknJO1.s]
  ignore line: [GNU C++14 (Gentoo 10.2.0-r5 p6) version 10.2.0 (aarch64-unknown-linux-gnu)]
  ignore line: [	compiled by GNU C version 10.2.0  GMP version 6.2.1  MPFR version 4.1.0  MPC version 1.2.1  isl version none]
  ignore line: [GGC heuristics: --param ggc-min-expand=100 --param ggc-min-heapsize=131072]
  ignore line: [ignoring nonexistent directory "/usr/aarch64-unknown-linux-gnu/usr/local/include"]
  ignore line: [ignoring nonexistent directory "/usr/lib/gcc/aarch64-unknown-linux-gnu/10.2.0/../../../../aarch64-unknown-linux-gnu/include"]
  ignore line: [#include "..." search starts here:]
  ignore line: [#include <...> search starts here:]
  ignore line: [ /usr/lib/gcc/aarch64-unknown-linux-gnu/10.2.0/include/g++-v10]
  ignore line: [ /usr/lib/gcc/aarch64-unknown-linux-gnu/10.2.0/include/g++-v10/aarch64-unknown-linux-gnu]
  ignore line: [ /usr/lib/gcc/aarch64-unknown-linux-gnu/10.2.0/include/g++-v10/backward]
  ignore line: [ /usr/lib/gcc/aarch64-unknown-linux-gnu/10.2.0/include]
  ignore line: [ /usr/lib/gcc/aarch64-unknown-linux-gnu/10.2.0/include-fixed]
  ignore line: [ /usr/aarch64-unknown-linux-gnu/usr/include]
  ignore line: [End of search list.]
  ignore line: [GNU C++14 (Gentoo 10.2.0-r5 p6) version 10.2.0 (aarch64-unknown-linux-gnu)]
  ignore line: [	compiled by GNU C version 10.2.0  GMP version 6.2.1  MPFR version 4.1.0  MPC version 1.2.1  isl version none]
  ignore line: [GGC heuristics: --param ggc-min-expand=100 --param ggc-min-heapsize=131072]
  ignore line: [Compiler executable checksum: c694cb9757a2df3f426ff5e865f77f90]
  ignore line: [COLLECT_GCC_OPTIONS='-v' '-o' 'CMakeFiles/cmTC_1c430.dir/CMakeCXXCompilerABI.cpp.o' '-c' '-shared-libgcc' '-mlittle-endian' '-mabi=lp64']
  ignore line: [ /usr/libexec/gcc/aarch64-unknown-linux-gnu/as -v -EL -mabi=lp64 -o CMakeFiles/cmTC_1c430.dir/CMakeCXXCompilerABI.cpp.o /tmp/ccSknJO1.s]
  ignore line: [GNU assembler version 2.35.2 (aarch64-unknown-linux-gnu) using BFD version (Gentoo 2.35.2 p1) 2.35.2]
  ignore line: [COMPILER_PATH=/usr/libexec/gcc/aarch64-unknown-linux-gnu/10.2.0/:/usr/libexec/gcc/aarch64-unknown-linux-gnu/10.2.0/:/usr/libexec/gcc/aarch64-unknown-linux-gnu/:/usr/lib/gcc/aarch64-unknown-linux-gnu/10.2.0/:/usr/lib/gcc/aarch64-unknown-linux-gnu/]
  ignore line: [LIBRARY_PATH=/usr/lib/gcc/aarch64-unknown-linux-gnu/10.2.0/:/usr/lib/gcc/aarch64-unknown-linux-gnu/10.2.0/../../../../aarch64-unknown-linux-gnu/lib/../lib64/:/usr/aarch64-unknown-linux-gnu/lib/../lib64/:/usr/aarch64-unknown-linux-gnu/usr/lib/../lib64/:/usr/lib/gcc/aarch64-unknown-linux-gnu/10.2.0/../../../../aarch64-unknown-linux-gnu/lib/:/usr/aarch64-unknown-linux-gnu/lib/:/usr/aarch64-unknown-linux-gnu/usr/lib/]
  ignore line: [COLLECT_GCC_OPTIONS='-v' '-o' 'CMakeFiles/cmTC_1c430.dir/CMakeCXXCompilerABI.cpp.o' '-c' '-shared-libgcc' '-mlittle-endian' '-mabi=lp64']
  ignore line: [Linking CXX executable cmTC_1c430]
  ignore line: [/usr/bin/cmake -E cmake_link_script CMakeFiles/cmTC_1c430.dir/link.txt --verbose=1]
  ignore line: [/usr/bin/aarch64-unknown-linux-gnu-g++  -v CMakeFiles/cmTC_1c430.dir/CMakeCXXCompilerABI.cpp.o -o cmTC_1c430 ]
  ignore line: [Using built-in specs.]
  ignore line: [COLLECT_GCC=/usr/bin/aarch64-unknown-linux-gnu-g++]
  ignore line: [COLLECT_LTO_WRAPPER=/usr/libexec/gcc/aarch64-unknown-linux-gnu/10.2.0/lto-wrapper]
  ignore line: [Target: aarch64-unknown-linux-gnu]
  ignore line: [Configured with: /var/tmp/portage/cross-aarch64-unknown-linux-gnu/gcc-10.2.0-r5/work/gcc-10.2.0/configure --host=x86_64-pc-linux-gnu --target=aarch64-unknown-linux-gnu --build=x86_64-pc-linux-gnu --prefix=/usr --bindir=/usr/x86_64-pc-linux-gnu/aarch64-unknown-linux-gnu/gcc-bin/10.2.0 --includedir=/usr/lib/gcc/aarch64-unknown-linux-gnu/10.2.0/include --datadir=/usr/share/gcc-data/aarch64-unknown-linux-gnu/10.2.0 --mandir=/usr/share/gcc-data/aarch64-unknown-linux-gnu/10.2.0/man --infodir=/usr/share/gcc-data/aarch64-unknown-linux-gnu/10.2.0/info --with-gxx-include-dir=/usr/lib/gcc/aarch64-unknown-linux-gnu/10.2.0/include/g++-v10 --with-python-dir=/share/gcc-data/aarch64-unknown-linux-gnu/10.2.0/python --enable-languages=c c++ fortran --enable-obsolete --enable-secureplt --disable-werror --with-system-zlib --enable-nls --without-included-gettext --enable-checking=release --with-bugurl=https://bugs.gentoo.org/ --with-pkgversion='Gentoo 10.2.0-r5 p6' --disable-esp --enable-libstdcxx-time --enable-poison-system-directories --with-sysroot=/usr/aarch64-unknown-linux-gnu --disable-bootstrap --enable-__cxa_atexit --enable-clocale=gnu --disable-multilib --disable-fixed-point --enable-libgomp --disable-libssp --disable-libada --disable-systemtap --disable-vtable-verify --disable-libvtv --without-zstd --enable-lto --without-isl --enable-default-pie --enable-default-ssp]
  ignore line: [Thread model: posix]
  ignore line: [Supported LTO compression algorithms: zlib]
  ignore line: [gcc version 10.2.0 (Gentoo 10.2.0-r5 p6) ]
  ignore line: [COMPILER_PATH=/usr/libexec/gcc/aarch64-unknown-linux-gnu/10.2.0/:/usr/libexec/gcc/aarch64-unknown-linux-gnu/10.2.0/:/usr/libexec/gcc/aarch64-unknown-linux-gnu/:/usr/lib/gcc/aarch64-unknown-linux-gnu/10.2.0/:/usr/lib/gcc/aarch64-unknown-linux-gnu/]
  ignore line: [LIBRARY_PATH=/usr/lib/gcc/aarch64-unknown-linux-gnu/10.2.0/:/usr/lib/gcc/aarch64-unknown-linux-gnu/10.2.0/../../../../aarch64-unknown-linux-gnu/lib/../lib64/:/usr/aarch64-unknown-linux-gnu/lib/../lib64/:/usr/aarch64-unknown-linux-gnu/usr/lib/../lib64/:/usr/lib/gcc/aarch64-unknown-linux-gnu/10.2.0/../../../../aarch64-unknown-linux-gnu/lib/:/usr/aarch64-unknown-linux-gnu/lib/:/usr/aarch64-unknown-linux-gnu/usr/lib/]
  ignore line: [COLLECT_GCC_OPTIONS='-v' '-o' 'cmTC_1c430' '-shared-libgcc' '-mlittle-endian' '-mabi=lp64']
  link line: [ /usr/libexec/gcc/aarch64-unknown-linux-gnu/10.2.0/collect2 -plugin /usr/libexec/gcc/aarch64-unknown-linux-gnu/10.2.0/liblto_plugin.so -plugin-opt=/usr/libexec/gcc/aarch64-unknown-linux-gnu/10.2.0/lto-wrapper -plugin-opt=-fresolution=/tmp/ccoeBP6q.res -plugin-opt=-pass-through=-lgcc_s -plugin-opt=-pass-through=-lgcc -plugin-opt=-pass-through=-lc -plugin-opt=-pass-through=-lgcc_s -plugin-opt=-pass-through=-lgcc --sysroot=/usr/aarch64-unknown-linux-gnu --eh-frame-hdr -dynamic-linker /lib/ld-linux-aarch64.so.1 -X -EL -maarch64linux -pie -o cmTC_1c430 /usr/aarch64-unknown-linux-gnu/usr/lib/../lib64/Scrt1.o /usr/aarch64-unknown-linux-gnu/usr/lib/../lib64/crti.o /usr/lib/gcc/aarch64-unknown-linux-gnu/10.2.0/crtbeginS.o -L/usr/lib/gcc/aarch64-unknown-linux-gnu/10.2.0 -L/usr/lib/gcc/aarch64-unknown-linux-gnu/10.2.0/../../../../aarch64-unknown-linux-gnu/lib/../lib64 -L/usr/aarch64-unknown-linux-gnu/lib/../lib64 -L/usr/aarch64-unknown-linux-gnu/usr/lib/../lib64 -L/usr/lib/gcc/aarch64-unknown-linux-gnu/10.2.0/../../../../aarch64-unknown-linux-gnu/lib -L/usr/aarch64-unknown-linux-gnu/lib -L/usr/aarch64-unknown-linux-gnu/usr/lib CMakeFiles/cmTC_1c430.dir/CMakeCXXCompilerABI.cpp.o -lstdc++ -lm -lgcc_s -lgcc -lc -lgcc_s -lgcc /usr/lib/gcc/aarch64-unknown-linux-gnu/10.2.0/crtendS.o /usr/aarch64-unknown-linux-gnu/usr/lib/../lib64/crtn.o]
    arg [/usr/libexec/gcc/aarch64-unknown-linux-gnu/10.2.0/collect2] ==> ignore
    arg [-plugin] ==> ignore
    arg [/usr/libexec/gcc/aarch64-unknown-linux-gnu/10.2.0/liblto_plugin.so] ==> ignore
    arg [-plugin-opt=/usr/libexec/gcc/aarch64-unknown-linux-gnu/10.2.0/lto-wrapper] ==> ignore
    arg [-plugin-opt=-fresolution=/tmp/ccoeBP6q.res] ==> ignore
    arg [-plugin-opt=-pass-through=-lgcc_s] ==> ignore
    arg [-plugin-opt=-pass-through=-lgcc] ==> ignore
    arg [-plugin-opt=-pass-through=-lc] ==> ignore
    arg [-plugin-opt=-pass-through=-lgcc_s] ==> ignore
    arg [-plugin-opt=-pass-through=-lgcc] ==> ignore
    arg [--sysroot=/usr/aarch64-unknown-linux-gnu] ==> ignore
    arg [--eh-frame-hdr] ==> ignore
    arg [-dynamic-linker] ==> ignore
    arg [/lib/ld-linux-aarch64.so.1] ==> ignore
    arg [-X] ==> ignore
    arg [-EL] ==> ignore
    arg [-maarch64linux] ==> ignore
    arg [-pie] ==> ignore
    arg [-o] ==> ignore
    arg [cmTC_1c430] ==> ignore
    arg [/usr/aarch64-unknown-linux-gnu/usr/lib/../lib64/Scrt1.o] ==> ignore
    arg [/usr/aarch64-unknown-linux-gnu/usr/lib/../lib64/crti.o] ==> ignore
    arg [/usr/lib/gcc/aarch64-unknown-linux-gnu/10.2.0/crtbeginS.o] ==> ignore
    arg [-L/usr/lib/gcc/aarch64-unknown-linux-gnu/10.2.0] ==> dir [/usr/lib/gcc/aarch64-unknown-linux-gnu/10.2.0]
    arg [-L/usr/lib/gcc/aarch64-unknown-linux-gnu/10.2.0/../../../../aarch64-unknown-linux-gnu/lib/../lib64] ==> dir [/usr/lib/gcc/aarch64-unknown-linux-gnu/10.2.0/../../../../aarch64-unknown-linux-gnu/lib/../lib64]
    arg [-L/usr/aarch64-unknown-linux-gnu/lib/../lib64] ==> dir [/usr/aarch64-unknown-linux-gnu/lib/../lib64]
    arg [-L/usr/aarch64-unknown-linux-gnu/usr/lib/../lib64] ==> dir [/usr/aarch64-unknown-linux-gnu/usr/lib/../lib64]
    arg [-L/usr/lib/gcc/aarch64-unknown-linux-gnu/10.2.0/../../../../aarch64-unknown-linux-gnu/lib] ==> dir [/usr/lib/gcc/aarch64-unknown-linux-gnu/10.2.0/../../../../aarch64-unknown-linux-gnu/lib]
    arg [-L/usr/aarch64-unknown-linux-gnu/lib] ==> dir [/usr/aarch64-unknown-linux-gnu/lib]
    arg [-L/usr/aarch64-unknown-linux-gnu/usr/lib] ==> dir [/usr/aarch64-unknown-linux-gnu/usr/lib]
    arg [CMakeFiles/cmTC_1c430.dir/CMakeCXXCompilerABI.cpp.o] ==> ignore
    arg [-lstdc++] ==> lib [stdc++]
    arg [-lm] ==> lib [m]
    arg [-lgcc_s] ==> lib [gcc_s]
    arg [-lgcc] ==> lib [gcc]
    arg [-lc] ==> lib [c]
    arg [-lgcc_s] ==> lib [gcc_s]
    arg [-lgcc] ==> lib [gcc]
    arg [/usr/lib/gcc/aarch64-unknown-linux-gnu/10.2.0/crtendS.o] ==> ignore
    arg [/usr/aarch64-unknown-linux-gnu/usr/lib/../lib64/crtn.o] ==> ignore
  collapse library dir [/usr/lib/gcc/aarch64-unknown-linux-gnu/10.2.0] ==> [/usr/lib/gcc/aarch64-unknown-linux-gnu/10.2.0]
  collapse library dir [/usr/lib/gcc/aarch64-unknown-linux-gnu/10.2.0/../../../../aarch64-unknown-linux-gnu/lib/../lib64] ==> [/usr/aarch64-unknown-linux-gnu/lib64]
  collapse library dir [/usr/aarch64-unknown-linux-gnu/lib/../lib64] ==> [/usr/aarch64-unknown-linux-gnu/lib64]
  collapse library dir [/usr/aarch64-unknown-linux-gnu/usr/lib/../lib64] ==> [/usr/aarch64-unknown-linux-gnu/usr/lib64]
  collapse library dir [/usr/lib/gcc/aarch64-unknown-linux-gnu/10.2.0/../../../../aarch64-unknown-linux-gnu/lib] ==> [/usr/aarch64-unknown-linux-gnu/lib]
  collapse library dir [/usr/aarch64-unknown-linux-gnu/lib] ==> [/usr/aarch64-unknown-linux-gnu/lib]
  collapse library dir [/usr/aarch64-unknown-linux-gnu/usr/lib] ==> [/usr/aarch64-unknown-linux-gnu/usr/lib]
  implicit libs: [stdc++;m;gcc_s;gcc;c;gcc_s;gcc]
  implicit dirs: [/usr/lib/gcc/aarch64-unknown-linux-gnu/10.2.0;/usr/aarch64-unknown-linux-gnu/lib64;/usr/aarch64-unknown-linux-gnu/usr/lib64;/usr/aarch64-unknown-linux-gnu/lib;/usr/aarch64-unknown-linux-gnu/usr/lib]
  implicit fwks: []


